<?xml version="1.0" encoding="UTF-8"?>
<!-- Generated by org.testng.reporters.JUnitXMLReporter -->
<testsuite hostname="DESKTOP-EJS31UV" name="Test" tests="1" failures="1" timestamp="3 Mar 2022 12:26:53 GMT" time="38.742" errors="0">
  <testcase name="createContactWithOrgTest" time="17.816" classname="com.crm.ContactTests.CreateContactsAndChooseExistingOrganization_Base_Class_Test">
    <failure type="java.lang.AssertionError" message="null">
      <![CDATA[java.lang.AssertionError: null
	at com.crm.ContactTests.CreateContactsAndChooseExistingOrganization_Base_Class_Test.createContactWithOrgTest(CreateContactsAndChooseExistingOrganization_Base_Class_Test.java:36)
... Removed 26 stack frames]]>
    </failure>
  </testcase> <!-- createContactWithOrgTest -->
</testsuite> <!-- Test -->
